<?xml version="1.0" encoding="UTF-8"?>
<!-- Generated by org.testng.reporters.JUnitReportReporter -->
<testsuite hostname="LAPTOP-46HN1QPS" failures="0" tests="1" name="Module1_Login_Test.SwagLabLoginTest" time="10.241" errors="0" timestamp="2023-12-08T18:50:52 IST" skipped="0">
  <testcase classname="Module1_Login_Test.SwagLabLoginTest" name="VerifyTitle" time="10.241"/>
</testsuite> <!-- Module1_Login_Test.SwagLabLoginTest -->
